[handleMsg]:  {
  key: {
    remoteJid: '5216531289412@s.whatsapp.net',
    fromMe: false,
    id: '52D012505DB040FCECC96C55DAD65406',
    participant: undefined
  },
  messageTimestamp: 1710957193,
  pushName: 'Rafael',
  broadcast: false,
  message: Message {
    conversation: 'Ole',
    messageContextInfo: MessageContextInfo {
      deviceListMetadata: [DeviceListMetadata],
      deviceListMetadataVersion: 2
    }
  },
  body: 'Ole',
  from: '5216531289412'
}
[QUEUE_SE_ENVIO]:  {
  ref: 'ans_88b70789-4e27-43b5-8115-b4a1d0a467f9',
  keyword: 'key_3e7e0567-a1cb-40dc-8db9-298159684699',
  answer: '🙌 Hola bienvenido a este *Chatbot*',
  options: {
    media: null,
    buttons: [],
    capture: false,
    child: null,
    delay: 0,
    idle: null,
    ref: null,
    nested: [],
    keyword: {},
    callback: false
  },
  refSerialize: '5916d241f9e5f0c40f86fbbdfc1adac1'
}
[QUEUE_SE_ENVIO]:  {
  ref: 'ans_05bbc0db-71b2-42b3-a711-6708e573d52f',
  keyword: 'ans_88b70789-4e27-43b5-8115-b4a1d0a467f9',
  answer: 'te comparto los siguientes links de interes sobre el proyecto\n' +
    '👉 *doc* para ver la documentación\n' +
    '👉 *gracias*  para ver la lista de videos\n' +
    '👉 *discord* unirte al discord',
  options: {
    media: null,
    buttons: [],
    capture: false,
    child: null,
    delay: 0,
    idle: null,
    ref: null,
    nested: [ [Object], [Object], [Object] ],
    keyword: {},
    callback: false
  },
  refSerialize: '0371d7c47c6cb519fa14175f4e3ba7ac'
}
